[info     ] Logging initialized            [news.scripts.finance_news_workflow] console_level=INFO file_level=DEBUG log_file=logs/news-workflow-2026-02-16.log module=scripts.finance_news_workflow
[info     ] Finance news workflow script started [news.scripts.finance_news_workflow] config=/private/var/folders/zk/q607hs0d7bq__dhkk2wj7sq80000gn/T/pytest-of-yukihata/pytest-19/test_正常系_ワークフローが正常に完了すると終了コード00/test_config.yaml dry_run=False export_only=False format=per-category max_articles=None module=scripts.finance_news_workflow status=None verbose=False
[info     ] Starting finance news workflow [news.scripts.finance_news_workflow] config_path=/private/var/folders/zk/q607hs0d7bq__dhkk2wj7sq80000gn/T/pytest-of-yukihata/pytest-19/test_正常系_ワークフローが正常に完了すると終了コード00/test_config.yaml dry_run=False export_only=False max_articles=None module=scripts.finance_news_workflow publish_format=per-category statuses=None
[debug    ] Workflow completed successfully [news.scripts.finance_news_workflow] elapsed_seconds=300.0 module=scripts.finance_news_workflow total_collected=10 total_published=5
2026-02-16T07:03:42.762997+00:00 [DEBUG    ] No .env file found             [utils_core.settings] caller={'filename': 'settings.py', 'function': 'load_project_env', 'line': 139}
[info     ] Logging initialized            [news.scripts.finance_news_workflow] console_level=INFO file_level=DEBUG log_file=logs/news-workflow-2026-02-16.log module=scripts.finance_news_workflow
[info     ] Finance news workflow script started [news.scripts.finance_news_workflow] config=/private/var/folders/zk/q607hs0d7bq__dhkk2wj7sq80000gn/T/pytest-of-yukihata/pytest-19/test_正常系_dry_runモードでワークフローを実行で0/test_config.yaml dry_run=True export_only=False format=per-category max_articles=None module=scripts.finance_news_workflow status=None verbose=False
[info     ] Starting finance news workflow [news.scripts.finance_news_workflow] config_path=/private/var/folders/zk/q607hs0d7bq__dhkk2wj7sq80000gn/T/pytest-of-yukihata/pytest-19/test_正常系_dry_runモードでワークフローを実行で0/test_config.yaml dry_run=True export_only=False max_articles=None module=scripts.finance_news_workflow publish_format=per-category statuses=None
[debug    ] Workflow completed successfully [news.scripts.finance_news_workflow] elapsed_seconds=300.0 module=scripts.finance_news_workflow total_collected=10 total_published=5
2026-02-16T07:03:42.790375+00:00 [DEBUG    ] No .env file found             [utils_core.settings] caller={'filename': 'settings.py', 'function': 'load_project_env', 'line': 139}
[info     ] Logging initialized            [news.scripts.finance_news_workflow] console_level=INFO file_level=DEBUG log_file=logs/news-workflow-2026-02-16.log module=scripts.finance_news_workflow
[info     ] Finance news workflow script started [news.scripts.finance_news_workflow] config=/private/var/folders/zk/q607hs0d7bq__dhkk2wj7sq80000gn/T/pytest-of-yukihata/pytest-19/test_正常系_status引数が渡される0/test_config.yaml dry_run=False export_only=False format=per-category max_articles=None module=scripts.finance_news_workflow status=index,stock verbose=False
[info     ] Starting finance news workflow [news.scripts.finance_news_workflow] config_path=/private/var/folders/zk/q607hs0d7bq__dhkk2wj7sq80000gn/T/pytest-of-yukihata/pytest-19/test_正常系_status引数が渡される0/test_config.yaml dry_run=False export_only=False max_articles=None module=scripts.finance_news_workflow publish_format=per-category statuses=['index', 'stock']
[debug    ] Workflow completed successfully [news.scripts.finance_news_workflow] elapsed_seconds=300.0 module=scripts.finance_news_workflow total_collected=10 total_published=5
2026-02-16T07:03:42.799098+00:00 [DEBUG    ] No .env file found             [utils_core.settings] caller={'filename': 'settings.py', 'function': 'load_project_env', 'line': 139}
[info     ] Logging initialized            [news.scripts.finance_news_workflow] console_level=INFO file_level=DEBUG log_file=logs/news-workflow-2026-02-16.log module=scripts.finance_news_workflow
[info     ] Finance news workflow script started [news.scripts.finance_news_workflow] config=/private/var/folders/zk/q607hs0d7bq__dhkk2wj7sq80000gn/T/pytest-of-yukihata/pytest-19/test_正常系_max_articles引数が渡される0/test_config.yaml dry_run=False export_only=False format=per-category max_articles=10 module=scripts.finance_news_workflow status=None verbose=False
[info     ] Starting finance news workflow [news.scripts.finance_news_workflow] config_path=/private/var/folders/zk/q607hs0d7bq__dhkk2wj7sq80000gn/T/pytest-of-yukihata/pytest-19/test_正常系_max_articles引数が渡される0/test_config.yaml dry_run=False export_only=False max_articles=10 module=scripts.finance_news_workflow publish_format=per-category statuses=None
[debug    ] Workflow completed successfully [news.scripts.finance_news_workflow] elapsed_seconds=300.0 module=scripts.finance_news_workflow total_collected=10 total_published=5
2026-02-16T07:03:42.801318+00:00 [DEBUG    ] No .env file found             [utils_core.settings] caller={'filename': 'settings.py', 'function': 'load_project_env', 'line': 139}
[info     ] Logging initialized            [news.scripts.finance_news_workflow] console_level=INFO file_level=DEBUG log_file=logs/news-workflow-2026-02-16.log module=scripts.finance_news_workflow
[info     ] Finance news workflow script started [news.scripts.finance_news_workflow] config=/nonexistent/config.yaml dry_run=False export_only=False format=per-category max_articles=None module=scripts.finance_news_workflow status=None verbose=False
[info     ] Starting finance news workflow [news.scripts.finance_news_workflow] config_path=/nonexistent/config.yaml dry_run=False export_only=False max_articles=None module=scripts.finance_news_workflow publish_format=per-category statuses=None
[error    ] Configuration file not found   [news.config.models] file_path=/nonexistent/config.yaml module=config.models
[error    ] Configuration file not found   [news.scripts.finance_news_workflow] error='Configuration file not found: /nonexistent/config.yaml' module=scripts.finance_news_workflow
2026-02-16T07:03:42.804123+00:00 [DEBUG    ] No .env file found             [utils_core.settings] caller={'filename': 'settings.py', 'function': 'load_project_env', 'line': 139}
[info     ] Logging initialized            [news.scripts.finance_news_workflow] console_level=INFO file_level=DEBUG log_file=logs/news-workflow-2026-02-16.log module=scripts.finance_news_workflow
[info     ] Finance news workflow script started [news.scripts.finance_news_workflow] config=/private/var/folders/zk/q607hs0d7bq__dhkk2wj7sq80000gn/T/pytest-of-yukihata/pytest-19/test_異常系_ワークフロー例外発生時に終了コード10/test_config.yaml dry_run=False export_only=False format=per-category max_articles=None module=scripts.finance_news_workflow status=None verbose=False
[info     ] Starting finance news workflow [news.scripts.finance_news_workflow] config_path=/private/var/folders/zk/q607hs0d7bq__dhkk2wj7sq80000gn/T/pytest-of-yukihata/pytest-19/test_異常系_ワークフロー例外発生時に終了コード10/test_config.yaml dry_run=False export_only=False max_articles=None module=scripts.finance_news_workflow publish_format=per-category statuses=None
[error    ] Workflow failed with exception [news.scripts.finance_news_workflow] error='Test error' error_type=RuntimeError module=scripts.finance_news_workflow
Traceback (most recent call last):
  File "/Users/yukihata/Desktop/.worktrees/finance/feature-notebooklm/src/news/scripts/finance_news_workflow.py", line 355, in run_workflow
    result = await orchestrator.run(
             ^^^^^^^^^^^^^^^^^^^^^^^
  File "/Users/yukihata/.local/share/uv/python/cpython-3.12.12-macos-aarch64-none/lib/python3.12/unittest/mock.py", line 2291, in _execute_mock_call
    raise effect
RuntimeError: Test error
[info     ] Finance news workflow script started [news.scripts.finance_news_workflow] config=/private/var/folders/zk/q607hs0d7bq__dhkk2wj7sq80000gn/T/pytest-of-yukihata/pytest-19/test_正常系_verboseモードでログレベルがDEBU0/test_config.yaml dry_run=False export_only=False format=per-category max_articles=None module=scripts.finance_news_workflow status=None verbose=True
[info     ] Starting finance news workflow [news.scripts.finance_news_workflow] config_path=/private/var/folders/zk/q607hs0d7bq__dhkk2wj7sq80000gn/T/pytest-of-yukihata/pytest-19/test_正常系_verboseモードでログレベルがDEBU0/test_config.yaml dry_run=False export_only=False max_articles=None module=scripts.finance_news_workflow publish_format=per-category statuses=None
[debug    ] Workflow completed successfully [news.scripts.finance_news_workflow] elapsed_seconds=300.0 module=scripts.finance_news_workflow total_collected=10 total_published=5
2026-02-16T07:03:42.809696+00:00 [DEBUG    ] No .env file found             [utils_core.settings] caller={'filename': 'settings.py', 'function': 'load_project_env', 'line': 139}
[info     ] Logging initialized            [news.scripts.finance_news_workflow] console_level=INFO file_level=DEBUG log_file=logs/news-workflow-2026-02-16.log module=scripts.finance_news_workflow
[info     ] Finance news workflow script started [news.scripts.finance_news_workflow] config=/private/var/folders/zk/q607hs0d7bq__dhkk2wj7sq80000gn/T/pytest-of-yukihata/pytest-20/test_正常系_ワークフローが正常に完了すると終了コード00/test_config.yaml dry_run=False export_only=False format=per-category max_articles=None module=scripts.finance_news_workflow status=None verbose=False
[info     ] Starting finance news workflow [news.scripts.finance_news_workflow] config_path=/private/var/folders/zk/q607hs0d7bq__dhkk2wj7sq80000gn/T/pytest-of-yukihata/pytest-20/test_正常系_ワークフローが正常に完了すると終了コード00/test_config.yaml dry_run=False export_only=False max_articles=None module=scripts.finance_news_workflow publish_format=per-category statuses=None
[debug    ] Workflow completed successfully [news.scripts.finance_news_workflow] elapsed_seconds=300.0 module=scripts.finance_news_workflow total_collected=10 total_published=5
2026-02-16T07:12:42.999546+00:00 [DEBUG    ] No .env file found             [utils_core.settings] caller={'filename': 'settings.py', 'function': 'load_project_env', 'line': 139}
[info     ] Logging initialized            [news.scripts.finance_news_workflow] console_level=INFO file_level=DEBUG log_file=logs/news-workflow-2026-02-16.log module=scripts.finance_news_workflow
[info     ] Finance news workflow script started [news.scripts.finance_news_workflow] config=/private/var/folders/zk/q607hs0d7bq__dhkk2wj7sq80000gn/T/pytest-of-yukihata/pytest-20/test_正常系_dry_runモードでワークフローを実行で0/test_config.yaml dry_run=True export_only=False format=per-category max_articles=None module=scripts.finance_news_workflow status=None verbose=False
[info     ] Starting finance news workflow [news.scripts.finance_news_workflow] config_path=/private/var/folders/zk/q607hs0d7bq__dhkk2wj7sq80000gn/T/pytest-of-yukihata/pytest-20/test_正常系_dry_runモードでワークフローを実行で0/test_config.yaml dry_run=True export_only=False max_articles=None module=scripts.finance_news_workflow publish_format=per-category statuses=None
[debug    ] Workflow completed successfully [news.scripts.finance_news_workflow] elapsed_seconds=300.0 module=scripts.finance_news_workflow total_collected=10 total_published=5
2026-02-16T07:12:43.008033+00:00 [DEBUG    ] No .env file found             [utils_core.settings] caller={'filename': 'settings.py', 'function': 'load_project_env', 'line': 139}
[info     ] Logging initialized            [news.scripts.finance_news_workflow] console_level=INFO file_level=DEBUG log_file=logs/news-workflow-2026-02-16.log module=scripts.finance_news_workflow
[info     ] Finance news workflow script started [news.scripts.finance_news_workflow] config=/private/var/folders/zk/q607hs0d7bq__dhkk2wj7sq80000gn/T/pytest-of-yukihata/pytest-20/test_正常系_status引数が渡される0/test_config.yaml dry_run=False export_only=False format=per-category max_articles=None module=scripts.finance_news_workflow status=index,stock verbose=False
[info     ] Starting finance news workflow [news.scripts.finance_news_workflow] config_path=/private/var/folders/zk/q607hs0d7bq__dhkk2wj7sq80000gn/T/pytest-of-yukihata/pytest-20/test_正常系_status引数が渡される0/test_config.yaml dry_run=False export_only=False max_articles=None module=scripts.finance_news_workflow publish_format=per-category statuses=['index', 'stock']
[debug    ] Workflow completed successfully [news.scripts.finance_news_workflow] elapsed_seconds=300.0 module=scripts.finance_news_workflow total_collected=10 total_published=5
2026-02-16T07:12:43.010738+00:00 [DEBUG    ] No .env file found             [utils_core.settings] caller={'filename': 'settings.py', 'function': 'load_project_env', 'line': 139}
[info     ] Logging initialized            [news.scripts.finance_news_workflow] console_level=INFO file_level=DEBUG log_file=logs/news-workflow-2026-02-16.log module=scripts.finance_news_workflow
[info     ] Finance news workflow script started [news.scripts.finance_news_workflow] config=/private/var/folders/zk/q607hs0d7bq__dhkk2wj7sq80000gn/T/pytest-of-yukihata/pytest-20/test_正常系_max_articles引数が渡される0/test_config.yaml dry_run=False export_only=False format=per-category max_articles=10 module=scripts.finance_news_workflow status=None verbose=False
[info     ] Starting finance news workflow [news.scripts.finance_news_workflow] config_path=/private/var/folders/zk/q607hs0d7bq__dhkk2wj7sq80000gn/T/pytest-of-yukihata/pytest-20/test_正常系_max_articles引数が渡される0/test_config.yaml dry_run=False export_only=False max_articles=10 module=scripts.finance_news_workflow publish_format=per-category statuses=None
[debug    ] Workflow completed successfully [news.scripts.finance_news_workflow] elapsed_seconds=300.0 module=scripts.finance_news_workflow total_collected=10 total_published=5
2026-02-16T07:12:43.012348+00:00 [DEBUG    ] No .env file found             [utils_core.settings] caller={'filename': 'settings.py', 'function': 'load_project_env', 'line': 139}
[info     ] Logging initialized            [news.scripts.finance_news_workflow] console_level=INFO file_level=DEBUG log_file=logs/news-workflow-2026-02-16.log module=scripts.finance_news_workflow
[info     ] Finance news workflow script started [news.scripts.finance_news_workflow] config=/nonexistent/config.yaml dry_run=False export_only=False format=per-category max_articles=None module=scripts.finance_news_workflow status=None verbose=False
[info     ] Starting finance news workflow [news.scripts.finance_news_workflow] config_path=/nonexistent/config.yaml dry_run=False export_only=False max_articles=None module=scripts.finance_news_workflow publish_format=per-category statuses=None
[error    ] Configuration file not found   [news.config.models] file_path=/nonexistent/config.yaml module=config.models
[error    ] Configuration file not found   [news.scripts.finance_news_workflow] error='Configuration file not found: /nonexistent/config.yaml' module=scripts.finance_news_workflow
2026-02-16T07:12:43.014942+00:00 [DEBUG    ] No .env file found             [utils_core.settings] caller={'filename': 'settings.py', 'function': 'load_project_env', 'line': 139}
[info     ] Logging initialized            [news.scripts.finance_news_workflow] console_level=INFO file_level=DEBUG log_file=logs/news-workflow-2026-02-16.log module=scripts.finance_news_workflow
[info     ] Finance news workflow script started [news.scripts.finance_news_workflow] config=/private/var/folders/zk/q607hs0d7bq__dhkk2wj7sq80000gn/T/pytest-of-yukihata/pytest-20/test_異常系_ワークフロー例外発生時に終了コード10/test_config.yaml dry_run=False export_only=False format=per-category max_articles=None module=scripts.finance_news_workflow status=None verbose=False
[info     ] Starting finance news workflow [news.scripts.finance_news_workflow] config_path=/private/var/folders/zk/q607hs0d7bq__dhkk2wj7sq80000gn/T/pytest-of-yukihata/pytest-20/test_異常系_ワークフロー例外発生時に終了コード10/test_config.yaml dry_run=False export_only=False max_articles=None module=scripts.finance_news_workflow publish_format=per-category statuses=None
[error    ] Workflow failed with exception [news.scripts.finance_news_workflow] error='Test error' error_type=RuntimeError module=scripts.finance_news_workflow
Traceback (most recent call last):
  File "/Users/yukihata/Desktop/.worktrees/finance/feature-notebooklm/src/news/scripts/finance_news_workflow.py", line 355, in run_workflow
    result = await orchestrator.run(
             ^^^^^^^^^^^^^^^^^^^^^^^
  File "/Users/yukihata/.local/share/uv/python/cpython-3.12.12-macos-aarch64-none/lib/python3.12/unittest/mock.py", line 2291, in _execute_mock_call
    raise effect
RuntimeError: Test error
[info     ] Finance news workflow script started [news.scripts.finance_news_workflow] config=/private/var/folders/zk/q607hs0d7bq__dhkk2wj7sq80000gn/T/pytest-of-yukihata/pytest-20/test_正常系_verboseモードでログレベルがDEBU0/test_config.yaml dry_run=False export_only=False format=per-category max_articles=None module=scripts.finance_news_workflow status=None verbose=True
[info     ] Starting finance news workflow [news.scripts.finance_news_workflow] config_path=/private/var/folders/zk/q607hs0d7bq__dhkk2wj7sq80000gn/T/pytest-of-yukihata/pytest-20/test_正常系_verboseモードでログレベルがDEBU0/test_config.yaml dry_run=False export_only=False max_articles=None module=scripts.finance_news_workflow publish_format=per-category statuses=None
[debug    ] Workflow completed successfully [news.scripts.finance_news_workflow] elapsed_seconds=300.0 module=scripts.finance_news_workflow total_collected=10 total_published=5
2026-02-16T07:12:43.019920+00:00 [DEBUG    ] No .env file found             [utils_core.settings] caller={'filename': 'settings.py', 'function': 'load_project_env', 'line': 139}
[info     ] Logging initialized            [news.scripts.finance_news_workflow] console_level=INFO file_level=DEBUG log_file=logs/news-workflow-2026-02-16.log module=scripts.finance_news_workflow
[info     ] Finance news workflow script started [news.scripts.finance_news_workflow] config=/private/var/folders/zk/q607hs0d7bq__dhkk2wj7sq80000gn/T/pytest-of-yukihata/pytest-46/test_正常系_ワークフローが正常に完了すると終了コード00/test_config.yaml dry_run=False export_only=False format=per-category max_articles=None module=scripts.finance_news_workflow status=None verbose=False
[info     ] Starting finance news workflow [news.scripts.finance_news_workflow] config_path=/private/var/folders/zk/q607hs0d7bq__dhkk2wj7sq80000gn/T/pytest-of-yukihata/pytest-46/test_正常系_ワークフローが正常に完了すると終了コード00/test_config.yaml dry_run=False export_only=False max_articles=None module=scripts.finance_news_workflow publish_format=per-category statuses=None
[debug    ] Workflow completed successfully [news.scripts.finance_news_workflow] elapsed_seconds=300.0 module=scripts.finance_news_workflow total_collected=10 total_published=5
2026-02-16T08:14:53.083576+00:00 [DEBUG    ] No .env file found             [utils_core.settings] caller={'filename': 'settings.py', 'function': 'load_project_env', 'line': 139}
[info     ] Logging initialized            [news.scripts.finance_news_workflow] console_level=INFO file_level=DEBUG log_file=logs/news-workflow-2026-02-16.log module=scripts.finance_news_workflow
[info     ] Finance news workflow script started [news.scripts.finance_news_workflow] config=/private/var/folders/zk/q607hs0d7bq__dhkk2wj7sq80000gn/T/pytest-of-yukihata/pytest-46/test_正常系_dry_runモードでワークフローを実行で0/test_config.yaml dry_run=True export_only=False format=per-category max_articles=None module=scripts.finance_news_workflow status=None verbose=False
[info     ] Starting finance news workflow [news.scripts.finance_news_workflow] config_path=/private/var/folders/zk/q607hs0d7bq__dhkk2wj7sq80000gn/T/pytest-of-yukihata/pytest-46/test_正常系_dry_runモードでワークフローを実行で0/test_config.yaml dry_run=True export_only=False max_articles=None module=scripts.finance_news_workflow publish_format=per-category statuses=None
[debug    ] Workflow completed successfully [news.scripts.finance_news_workflow] elapsed_seconds=300.0 module=scripts.finance_news_workflow total_collected=10 total_published=5
2026-02-16T08:14:53.093196+00:00 [DEBUG    ] No .env file found             [utils_core.settings] caller={'filename': 'settings.py', 'function': 'load_project_env', 'line': 139}
[info     ] Logging initialized            [news.scripts.finance_news_workflow] console_level=INFO file_level=DEBUG log_file=logs/news-workflow-2026-02-16.log module=scripts.finance_news_workflow
[info     ] Finance news workflow script started [news.scripts.finance_news_workflow] config=/private/var/folders/zk/q607hs0d7bq__dhkk2wj7sq80000gn/T/pytest-of-yukihata/pytest-46/test_正常系_status引数が渡される0/test_config.yaml dry_run=False export_only=False format=per-category max_articles=None module=scripts.finance_news_workflow status=index,stock verbose=False
[info     ] Starting finance news workflow [news.scripts.finance_news_workflow] config_path=/private/var/folders/zk/q607hs0d7bq__dhkk2wj7sq80000gn/T/pytest-of-yukihata/pytest-46/test_正常系_status引数が渡される0/test_config.yaml dry_run=False export_only=False max_articles=None module=scripts.finance_news_workflow publish_format=per-category statuses=['index', 'stock']
[debug    ] Workflow completed successfully [news.scripts.finance_news_workflow] elapsed_seconds=300.0 module=scripts.finance_news_workflow total_collected=10 total_published=5
2026-02-16T08:14:53.095793+00:00 [DEBUG    ] No .env file found             [utils_core.settings] caller={'filename': 'settings.py', 'function': 'load_project_env', 'line': 139}
[info     ] Logging initialized            [news.scripts.finance_news_workflow] console_level=INFO file_level=DEBUG log_file=logs/news-workflow-2026-02-16.log module=scripts.finance_news_workflow
[info     ] Finance news workflow script started [news.scripts.finance_news_workflow] config=/private/var/folders/zk/q607hs0d7bq__dhkk2wj7sq80000gn/T/pytest-of-yukihata/pytest-46/test_正常系_max_articles引数が渡される0/test_config.yaml dry_run=False export_only=False format=per-category max_articles=10 module=scripts.finance_news_workflow status=None verbose=False
[info     ] Starting finance news workflow [news.scripts.finance_news_workflow] config_path=/private/var/folders/zk/q607hs0d7bq__dhkk2wj7sq80000gn/T/pytest-of-yukihata/pytest-46/test_正常系_max_articles引数が渡される0/test_config.yaml dry_run=False export_only=False max_articles=10 module=scripts.finance_news_workflow publish_format=per-category statuses=None
[debug    ] Workflow completed successfully [news.scripts.finance_news_workflow] elapsed_seconds=300.0 module=scripts.finance_news_workflow total_collected=10 total_published=5
2026-02-16T08:14:53.097349+00:00 [DEBUG    ] No .env file found             [utils_core.settings] caller={'filename': 'settings.py', 'function': 'load_project_env', 'line': 139}
[info     ] Logging initialized            [news.scripts.finance_news_workflow] console_level=INFO file_level=DEBUG log_file=logs/news-workflow-2026-02-16.log module=scripts.finance_news_workflow
[info     ] Finance news workflow script started [news.scripts.finance_news_workflow] config=/nonexistent/config.yaml dry_run=False export_only=False format=per-category max_articles=None module=scripts.finance_news_workflow status=None verbose=False
[info     ] Starting finance news workflow [news.scripts.finance_news_workflow] config_path=/nonexistent/config.yaml dry_run=False export_only=False max_articles=None module=scripts.finance_news_workflow publish_format=per-category statuses=None
[error    ] Configuration file not found   [news.config.models] file_path=/nonexistent/config.yaml module=config.models
[error    ] Configuration file not found   [news.scripts.finance_news_workflow] error='Configuration file not found: /nonexistent/config.yaml' module=scripts.finance_news_workflow
2026-02-16T08:14:53.099835+00:00 [DEBUG    ] No .env file found             [utils_core.settings] caller={'filename': 'settings.py', 'function': 'load_project_env', 'line': 139}
[info     ] Logging initialized            [news.scripts.finance_news_workflow] console_level=INFO file_level=DEBUG log_file=logs/news-workflow-2026-02-16.log module=scripts.finance_news_workflow
[info     ] Finance news workflow script started [news.scripts.finance_news_workflow] config=/private/var/folders/zk/q607hs0d7bq__dhkk2wj7sq80000gn/T/pytest-of-yukihata/pytest-46/test_異常系_ワークフロー例外発生時に終了コード10/test_config.yaml dry_run=False export_only=False format=per-category max_articles=None module=scripts.finance_news_workflow status=None verbose=False
[info     ] Starting finance news workflow [news.scripts.finance_news_workflow] config_path=/private/var/folders/zk/q607hs0d7bq__dhkk2wj7sq80000gn/T/pytest-of-yukihata/pytest-46/test_異常系_ワークフロー例外発生時に終了コード10/test_config.yaml dry_run=False export_only=False max_articles=None module=scripts.finance_news_workflow publish_format=per-category statuses=None
[error    ] Workflow failed with exception [news.scripts.finance_news_workflow] error='Test error' error_type=RuntimeError module=scripts.finance_news_workflow
Traceback (most recent call last):
  File "/Users/yukihata/Desktop/.worktrees/finance/feature-notebooklm/src/news/scripts/finance_news_workflow.py", line 355, in run_workflow
    result = await orchestrator.run(
             ^^^^^^^^^^^^^^^^^^^^^^^
  File "/Users/yukihata/.local/share/uv/python/cpython-3.12.12-macos-aarch64-none/lib/python3.12/unittest/mock.py", line 2291, in _execute_mock_call
    raise effect
RuntimeError: Test error
[info     ] Finance news workflow script started [news.scripts.finance_news_workflow] config=/private/var/folders/zk/q607hs0d7bq__dhkk2wj7sq80000gn/T/pytest-of-yukihata/pytest-46/test_正常系_verboseモードでログレベルがDEBU0/test_config.yaml dry_run=False export_only=False format=per-category max_articles=None module=scripts.finance_news_workflow status=None verbose=True
[info     ] Starting finance news workflow [news.scripts.finance_news_workflow] config_path=/private/var/folders/zk/q607hs0d7bq__dhkk2wj7sq80000gn/T/pytest-of-yukihata/pytest-46/test_正常系_verboseモードでログレベルがDEBU0/test_config.yaml dry_run=False export_only=False max_articles=None module=scripts.finance_news_workflow publish_format=per-category statuses=None
[debug    ] Workflow completed successfully [news.scripts.finance_news_workflow] elapsed_seconds=300.0 module=scripts.finance_news_workflow total_collected=10 total_published=5
2026-02-16T08:14:53.105910+00:00 [DEBUG    ] No .env file found             [utils_core.settings] caller={'filename': 'settings.py', 'function': 'load_project_env', 'line': 139}
[info     ] Logging initialized            [news.scripts.finance_news_workflow] console_level=INFO file_level=DEBUG log_file=logs/news-workflow-2026-02-16.log module=scripts.finance_news_workflow
[info     ] Finance news workflow script started [news.scripts.finance_news_workflow] config=/private/var/folders/zk/q607hs0d7bq__dhkk2wj7sq80000gn/T/pytest-of-yukihata/pytest-52/test_正常系_ワークフローが正常に完了すると終了コード00/test_config.yaml dry_run=False export_only=False format=per-category max_articles=None module=scripts.finance_news_workflow status=None verbose=False
[info     ] Starting finance news workflow [news.scripts.finance_news_workflow] config_path=/private/var/folders/zk/q607hs0d7bq__dhkk2wj7sq80000gn/T/pytest-of-yukihata/pytest-52/test_正常系_ワークフローが正常に完了すると終了コード00/test_config.yaml dry_run=False export_only=False max_articles=None module=scripts.finance_news_workflow publish_format=per-category statuses=None
[debug    ] Workflow completed successfully [news.scripts.finance_news_workflow] elapsed_seconds=300.0 module=scripts.finance_news_workflow total_collected=10 total_published=5
2026-02-16T08:32:06.583063+00:00 [DEBUG    ] No .env file found             [utils_core.settings] caller={'filename': 'settings.py', 'function': 'load_project_env', 'line': 139}
[info     ] Logging initialized            [news.scripts.finance_news_workflow] console_level=INFO file_level=DEBUG log_file=logs/news-workflow-2026-02-16.log module=scripts.finance_news_workflow
[info     ] Finance news workflow script started [news.scripts.finance_news_workflow] config=/private/var/folders/zk/q607hs0d7bq__dhkk2wj7sq80000gn/T/pytest-of-yukihata/pytest-52/test_正常系_dry_runモードでワークフローを実行で0/test_config.yaml dry_run=True export_only=False format=per-category max_articles=None module=scripts.finance_news_workflow status=None verbose=False
[info     ] Starting finance news workflow [news.scripts.finance_news_workflow] config_path=/private/var/folders/zk/q607hs0d7bq__dhkk2wj7sq80000gn/T/pytest-of-yukihata/pytest-52/test_正常系_dry_runモードでワークフローを実行で0/test_config.yaml dry_run=True export_only=False max_articles=None module=scripts.finance_news_workflow publish_format=per-category statuses=None
[debug    ] Workflow completed successfully [news.scripts.finance_news_workflow] elapsed_seconds=300.0 module=scripts.finance_news_workflow total_collected=10 total_published=5
2026-02-16T08:32:06.592369+00:00 [DEBUG    ] No .env file found             [utils_core.settings] caller={'filename': 'settings.py', 'function': 'load_project_env', 'line': 139}
[info     ] Logging initialized            [news.scripts.finance_news_workflow] console_level=INFO file_level=DEBUG log_file=logs/news-workflow-2026-02-16.log module=scripts.finance_news_workflow
[info     ] Finance news workflow script started [news.scripts.finance_news_workflow] config=/private/var/folders/zk/q607hs0d7bq__dhkk2wj7sq80000gn/T/pytest-of-yukihata/pytest-52/test_正常系_status引数が渡される0/test_config.yaml dry_run=False export_only=False format=per-category max_articles=None module=scripts.finance_news_workflow status=index,stock verbose=False
[info     ] Starting finance news workflow [news.scripts.finance_news_workflow] config_path=/private/var/folders/zk/q607hs0d7bq__dhkk2wj7sq80000gn/T/pytest-of-yukihata/pytest-52/test_正常系_status引数が渡される0/test_config.yaml dry_run=False export_only=False max_articles=None module=scripts.finance_news_workflow publish_format=per-category statuses=['index', 'stock']
[debug    ] Workflow completed successfully [news.scripts.finance_news_workflow] elapsed_seconds=300.0 module=scripts.finance_news_workflow total_collected=10 total_published=5
2026-02-16T08:32:06.595492+00:00 [DEBUG    ] No .env file found             [utils_core.settings] caller={'filename': 'settings.py', 'function': 'load_project_env', 'line': 139}
[info     ] Logging initialized            [news.scripts.finance_news_workflow] console_level=INFO file_level=DEBUG log_file=logs/news-workflow-2026-02-16.log module=scripts.finance_news_workflow
[info     ] Finance news workflow script started [news.scripts.finance_news_workflow] config=/private/var/folders/zk/q607hs0d7bq__dhkk2wj7sq80000gn/T/pytest-of-yukihata/pytest-52/test_正常系_max_articles引数が渡される0/test_config.yaml dry_run=False export_only=False format=per-category max_articles=10 module=scripts.finance_news_workflow status=None verbose=False
[info     ] Starting finance news workflow [news.scripts.finance_news_workflow] config_path=/private/var/folders/zk/q607hs0d7bq__dhkk2wj7sq80000gn/T/pytest-of-yukihata/pytest-52/test_正常系_max_articles引数が渡される0/test_config.yaml dry_run=False export_only=False max_articles=10 module=scripts.finance_news_workflow publish_format=per-category statuses=None
[debug    ] Workflow completed successfully [news.scripts.finance_news_workflow] elapsed_seconds=300.0 module=scripts.finance_news_workflow total_collected=10 total_published=5
2026-02-16T08:32:06.597179+00:00 [DEBUG    ] No .env file found             [utils_core.settings] caller={'filename': 'settings.py', 'function': 'load_project_env', 'line': 139}
[info     ] Logging initialized            [news.scripts.finance_news_workflow] console_level=INFO file_level=DEBUG log_file=logs/news-workflow-2026-02-16.log module=scripts.finance_news_workflow
[info     ] Finance news workflow script started [news.scripts.finance_news_workflow] config=/nonexistent/config.yaml dry_run=False export_only=False format=per-category max_articles=None module=scripts.finance_news_workflow status=None verbose=False
[info     ] Starting finance news workflow [news.scripts.finance_news_workflow] config_path=/nonexistent/config.yaml dry_run=False export_only=False max_articles=None module=scripts.finance_news_workflow publish_format=per-category statuses=None
[error    ] Configuration file not found   [news.config.models] file_path=/nonexistent/config.yaml module=config.models
[error    ] Configuration file not found   [news.scripts.finance_news_workflow] error='Configuration file not found: /nonexistent/config.yaml' module=scripts.finance_news_workflow
2026-02-16T08:32:06.599807+00:00 [DEBUG    ] No .env file found             [utils_core.settings] caller={'filename': 'settings.py', 'function': 'load_project_env', 'line': 139}
[info     ] Logging initialized            [news.scripts.finance_news_workflow] console_level=INFO file_level=DEBUG log_file=logs/news-workflow-2026-02-16.log module=scripts.finance_news_workflow
[info     ] Finance news workflow script started [news.scripts.finance_news_workflow] config=/private/var/folders/zk/q607hs0d7bq__dhkk2wj7sq80000gn/T/pytest-of-yukihata/pytest-52/test_異常系_ワークフロー例外発生時に終了コード10/test_config.yaml dry_run=False export_only=False format=per-category max_articles=None module=scripts.finance_news_workflow status=None verbose=False
[info     ] Starting finance news workflow [news.scripts.finance_news_workflow] config_path=/private/var/folders/zk/q607hs0d7bq__dhkk2wj7sq80000gn/T/pytest-of-yukihata/pytest-52/test_異常系_ワークフロー例外発生時に終了コード10/test_config.yaml dry_run=False export_only=False max_articles=None module=scripts.finance_news_workflow publish_format=per-category statuses=None
[error    ] Workflow failed with exception [news.scripts.finance_news_workflow] error='Test error' error_type=RuntimeError module=scripts.finance_news_workflow
Traceback (most recent call last):
  File "/Users/yukihata/Desktop/.worktrees/finance/feature-notebooklm/src/news/scripts/finance_news_workflow.py", line 355, in run_workflow
    result = await orchestrator.run(
             ^^^^^^^^^^^^^^^^^^^^^^^
  File "/Users/yukihata/.local/share/uv/python/cpython-3.12.12-macos-aarch64-none/lib/python3.12/unittest/mock.py", line 2291, in _execute_mock_call
    raise effect
RuntimeError: Test error
[info     ] Finance news workflow script started [news.scripts.finance_news_workflow] config=/private/var/folders/zk/q607hs0d7bq__dhkk2wj7sq80000gn/T/pytest-of-yukihata/pytest-52/test_正常系_verboseモードでログレベルがDEBU0/test_config.yaml dry_run=False export_only=False format=per-category max_articles=None module=scripts.finance_news_workflow status=None verbose=True
[info     ] Starting finance news workflow [news.scripts.finance_news_workflow] config_path=/private/var/folders/zk/q607hs0d7bq__dhkk2wj7sq80000gn/T/pytest-of-yukihata/pytest-52/test_正常系_verboseモードでログレベルがDEBU0/test_config.yaml dry_run=False export_only=False max_articles=None module=scripts.finance_news_workflow publish_format=per-category statuses=None
[debug    ] Workflow completed successfully [news.scripts.finance_news_workflow] elapsed_seconds=300.0 module=scripts.finance_news_workflow total_collected=10 total_published=5
2026-02-16T08:32:06.605735+00:00 [DEBUG    ] No .env file found             [utils_core.settings] caller={'filename': 'settings.py', 'function': 'load_project_env', 'line': 139}
