[[32m[1minfo     [0m] [1mLogging initialized           [0m [[0m[1m[34mnews.scripts.finance_news_workflow[0m][0m [36mconsole_level[0m=[35mINFO[0m [36mfile_level[0m=[35mDEBUG[0m [36mlog_file[0m=[35mlogs/news-workflow-2026-02-23.log[0m [36mmodule[0m=[35mscripts.finance_news_workflow[0m
[[32m[1minfo     [0m] [1mFinance news workflow script started[0m [[0m[1m[34mnews.scripts.finance_news_workflow[0m][0m [36mconfig[0m=[35m/private/var/folders/zk/q607hs0d7bq__dhkk2wj7sq80000gn/T/pytest-of-yukihata/pytest-54/test_正常系_ワークフローが正常に完了すると終了コード00/test_config.yaml[0m [36mdry_run[0m=[35mFalse[0m [36mexport_only[0m=[35mFalse[0m [36mformat[0m=[35mper-category[0m [36mmax_articles[0m=[35mNone[0m [36mmodule[0m=[35mscripts.finance_news_workflow[0m [36mstatus[0m=[35mNone[0m [36mverbose[0m=[35mFalse[0m
[[32m[1mdebug    [0m] [1mUsing selector: KqueueSelector[0m [[0m[1m[34masyncio[0m][0m
[[32m[1minfo     [0m] [1mStarting finance news workflow[0m [[0m[1m[34mnews.scripts.finance_news_workflow[0m][0m [36mconfig_path[0m=[35m/private/var/folders/zk/q607hs0d7bq__dhkk2wj7sq80000gn/T/pytest-of-yukihata/pytest-54/test_正常系_ワークフローが正常に完了すると終了コード00/test_config.yaml[0m [36mdry_run[0m=[35mFalse[0m [36mexport_only[0m=[35mFalse[0m [36mmax_articles[0m=[35mNone[0m [36mmodule[0m=[35mscripts.finance_news_workflow[0m [36mpublish_format[0m=[35mper-category[0m [36mstatuses[0m=[35mNone[0m
[[32m[1mdebug    [0m] [1mWorkflow completed successfully[0m [[0m[1m[34mnews.scripts.finance_news_workflow[0m][0m [36melapsed_seconds[0m=[35m300.0[0m [36mmodule[0m=[35mscripts.finance_news_workflow[0m [36mtotal_collected[0m=[35m10[0m [36mtotal_published[0m=[35m5[0m
[[32m[1minfo     [0m] [1mLogging initialized           [0m [[0m[1m[34mnews.scripts.finance_news_workflow[0m][0m [36mconsole_level[0m=[35mINFO[0m [36mfile_level[0m=[35mDEBUG[0m [36mlog_file[0m=[35mlogs/news-workflow-2026-02-23.log[0m [36mmodule[0m=[35mscripts.finance_news_workflow[0m
[[32m[1minfo     [0m] [1mFinance news workflow script started[0m [[0m[1m[34mnews.scripts.finance_news_workflow[0m][0m [36mconfig[0m=[35m/private/var/folders/zk/q607hs0d7bq__dhkk2wj7sq80000gn/T/pytest-of-yukihata/pytest-54/test_正常系_dry_runモードでワークフローを実行で0/test_config.yaml[0m [36mdry_run[0m=[35mTrue[0m [36mexport_only[0m=[35mFalse[0m [36mformat[0m=[35mper-category[0m [36mmax_articles[0m=[35mNone[0m [36mmodule[0m=[35mscripts.finance_news_workflow[0m [36mstatus[0m=[35mNone[0m [36mverbose[0m=[35mFalse[0m
[[32m[1mdebug    [0m] [1mUsing selector: KqueueSelector[0m [[0m[1m[34masyncio[0m][0m
[[32m[1minfo     [0m] [1mStarting finance news workflow[0m [[0m[1m[34mnews.scripts.finance_news_workflow[0m][0m [36mconfig_path[0m=[35m/private/var/folders/zk/q607hs0d7bq__dhkk2wj7sq80000gn/T/pytest-of-yukihata/pytest-54/test_正常系_dry_runモードでワークフローを実行で0/test_config.yaml[0m [36mdry_run[0m=[35mTrue[0m [36mexport_only[0m=[35mFalse[0m [36mmax_articles[0m=[35mNone[0m [36mmodule[0m=[35mscripts.finance_news_workflow[0m [36mpublish_format[0m=[35mper-category[0m [36mstatuses[0m=[35mNone[0m
[[32m[1mdebug    [0m] [1mWorkflow completed successfully[0m [[0m[1m[34mnews.scripts.finance_news_workflow[0m][0m [36melapsed_seconds[0m=[35m300.0[0m [36mmodule[0m=[35mscripts.finance_news_workflow[0m [36mtotal_collected[0m=[35m10[0m [36mtotal_published[0m=[35m5[0m
[[32m[1minfo     [0m] [1mLogging initialized           [0m [[0m[1m[34mnews.scripts.finance_news_workflow[0m][0m [36mconsole_level[0m=[35mINFO[0m [36mfile_level[0m=[35mDEBUG[0m [36mlog_file[0m=[35mlogs/news-workflow-2026-02-23.log[0m [36mmodule[0m=[35mscripts.finance_news_workflow[0m
[[32m[1minfo     [0m] [1mFinance news workflow script started[0m [[0m[1m[34mnews.scripts.finance_news_workflow[0m][0m [36mconfig[0m=[35m/private/var/folders/zk/q607hs0d7bq__dhkk2wj7sq80000gn/T/pytest-of-yukihata/pytest-54/test_正常系_status引数が渡される0/test_config.yaml[0m [36mdry_run[0m=[35mFalse[0m [36mexport_only[0m=[35mFalse[0m [36mformat[0m=[35mper-category[0m [36mmax_articles[0m=[35mNone[0m [36mmodule[0m=[35mscripts.finance_news_workflow[0m [36mstatus[0m=[35mindex,stock[0m [36mverbose[0m=[35mFalse[0m
[[32m[1mdebug    [0m] [1mUsing selector: KqueueSelector[0m [[0m[1m[34masyncio[0m][0m
[[32m[1minfo     [0m] [1mStarting finance news workflow[0m [[0m[1m[34mnews.scripts.finance_news_workflow[0m][0m [36mconfig_path[0m=[35m/private/var/folders/zk/q607hs0d7bq__dhkk2wj7sq80000gn/T/pytest-of-yukihata/pytest-54/test_正常系_status引数が渡される0/test_config.yaml[0m [36mdry_run[0m=[35mFalse[0m [36mexport_only[0m=[35mFalse[0m [36mmax_articles[0m=[35mNone[0m [36mmodule[0m=[35mscripts.finance_news_workflow[0m [36mpublish_format[0m=[35mper-category[0m [36mstatuses[0m=[35m['index', 'stock'][0m
[[32m[1mdebug    [0m] [1mWorkflow completed successfully[0m [[0m[1m[34mnews.scripts.finance_news_workflow[0m][0m [36melapsed_seconds[0m=[35m300.0[0m [36mmodule[0m=[35mscripts.finance_news_workflow[0m [36mtotal_collected[0m=[35m10[0m [36mtotal_published[0m=[35m5[0m
[[32m[1minfo     [0m] [1mLogging initialized           [0m [[0m[1m[34mnews.scripts.finance_news_workflow[0m][0m [36mconsole_level[0m=[35mINFO[0m [36mfile_level[0m=[35mDEBUG[0m [36mlog_file[0m=[35mlogs/news-workflow-2026-02-23.log[0m [36mmodule[0m=[35mscripts.finance_news_workflow[0m
[[32m[1minfo     [0m] [1mFinance news workflow script started[0m [[0m[1m[34mnews.scripts.finance_news_workflow[0m][0m [36mconfig[0m=[35m/private/var/folders/zk/q607hs0d7bq__dhkk2wj7sq80000gn/T/pytest-of-yukihata/pytest-54/test_正常系_max_articles引数が渡される0/test_config.yaml[0m [36mdry_run[0m=[35mFalse[0m [36mexport_only[0m=[35mFalse[0m [36mformat[0m=[35mper-category[0m [36mmax_articles[0m=[35m10[0m [36mmodule[0m=[35mscripts.finance_news_workflow[0m [36mstatus[0m=[35mNone[0m [36mverbose[0m=[35mFalse[0m
[[32m[1mdebug    [0m] [1mUsing selector: KqueueSelector[0m [[0m[1m[34masyncio[0m][0m
[[32m[1minfo     [0m] [1mStarting finance news workflow[0m [[0m[1m[34mnews.scripts.finance_news_workflow[0m][0m [36mconfig_path[0m=[35m/private/var/folders/zk/q607hs0d7bq__dhkk2wj7sq80000gn/T/pytest-of-yukihata/pytest-54/test_正常系_max_articles引数が渡される0/test_config.yaml[0m [36mdry_run[0m=[35mFalse[0m [36mexport_only[0m=[35mFalse[0m [36mmax_articles[0m=[35m10[0m [36mmodule[0m=[35mscripts.finance_news_workflow[0m [36mpublish_format[0m=[35mper-category[0m [36mstatuses[0m=[35mNone[0m
[[32m[1mdebug    [0m] [1mWorkflow completed successfully[0m [[0m[1m[34mnews.scripts.finance_news_workflow[0m][0m [36melapsed_seconds[0m=[35m300.0[0m [36mmodule[0m=[35mscripts.finance_news_workflow[0m [36mtotal_collected[0m=[35m10[0m [36mtotal_published[0m=[35m5[0m
[[32m[1minfo     [0m] [1mLogging initialized           [0m [[0m[1m[34mnews.scripts.finance_news_workflow[0m][0m [36mconsole_level[0m=[35mINFO[0m [36mfile_level[0m=[35mDEBUG[0m [36mlog_file[0m=[35mlogs/news-workflow-2026-02-23.log[0m [36mmodule[0m=[35mscripts.finance_news_workflow[0m
[[32m[1minfo     [0m] [1mFinance news workflow script started[0m [[0m[1m[34mnews.scripts.finance_news_workflow[0m][0m [36mconfig[0m=[35m/nonexistent/config.yaml[0m [36mdry_run[0m=[35mFalse[0m [36mexport_only[0m=[35mFalse[0m [36mformat[0m=[35mper-category[0m [36mmax_articles[0m=[35mNone[0m [36mmodule[0m=[35mscripts.finance_news_workflow[0m [36mstatus[0m=[35mNone[0m [36mverbose[0m=[35mFalse[0m
[[32m[1mdebug    [0m] [1mUsing selector: KqueueSelector[0m [[0m[1m[34masyncio[0m][0m
[[32m[1minfo     [0m] [1mStarting finance news workflow[0m [[0m[1m[34mnews.scripts.finance_news_workflow[0m][0m [36mconfig_path[0m=[35m/nonexistent/config.yaml[0m [36mdry_run[0m=[35mFalse[0m [36mexport_only[0m=[35mFalse[0m [36mmax_articles[0m=[35mNone[0m [36mmodule[0m=[35mscripts.finance_news_workflow[0m [36mpublish_format[0m=[35mper-category[0m [36mstatuses[0m=[35mNone[0m
[[31m[1merror    [0m] [1mConfiguration file not found  [0m [[0m[1m[34mnews.config.models[0m][0m [36mfile_path[0m=[35m/nonexistent/config.yaml[0m [36mmodule[0m=[35mconfig.models[0m
[[31m[1merror    [0m] [1mConfiguration file not found  [0m [[0m[1m[34mnews.scripts.finance_news_workflow[0m][0m [36merror[0m=[35m'Configuration file not found: /nonexistent/config.yaml'[0m [36mmodule[0m=[35mscripts.finance_news_workflow[0m
[[32m[1minfo     [0m] [1mLogging initialized           [0m [[0m[1m[34mnews.scripts.finance_news_workflow[0m][0m [36mconsole_level[0m=[35mINFO[0m [36mfile_level[0m=[35mDEBUG[0m [36mlog_file[0m=[35mlogs/news-workflow-2026-02-23.log[0m [36mmodule[0m=[35mscripts.finance_news_workflow[0m
[[32m[1minfo     [0m] [1mFinance news workflow script started[0m [[0m[1m[34mnews.scripts.finance_news_workflow[0m][0m [36mconfig[0m=[35m/private/var/folders/zk/q607hs0d7bq__dhkk2wj7sq80000gn/T/pytest-of-yukihata/pytest-54/test_異常系_ワークフロー例外発生時に終了コード10/test_config.yaml[0m [36mdry_run[0m=[35mFalse[0m [36mexport_only[0m=[35mFalse[0m [36mformat[0m=[35mper-category[0m [36mmax_articles[0m=[35mNone[0m [36mmodule[0m=[35mscripts.finance_news_workflow[0m [36mstatus[0m=[35mNone[0m [36mverbose[0m=[35mFalse[0m
[[32m[1mdebug    [0m] [1mUsing selector: KqueueSelector[0m [[0m[1m[34masyncio[0m][0m
[[32m[1minfo     [0m] [1mStarting finance news workflow[0m [[0m[1m[34mnews.scripts.finance_news_workflow[0m][0m [36mconfig_path[0m=[35m/private/var/folders/zk/q607hs0d7bq__dhkk2wj7sq80000gn/T/pytest-of-yukihata/pytest-54/test_異常系_ワークフロー例外発生時に終了コード10/test_config.yaml[0m [36mdry_run[0m=[35mFalse[0m [36mexport_only[0m=[35mFalse[0m [36mmax_articles[0m=[35mNone[0m [36mmodule[0m=[35mscripts.finance_news_workflow[0m [36mpublish_format[0m=[35mper-category[0m [36mstatuses[0m=[35mNone[0m
[[31m[1merror    [0m] [1mWorkflow failed with exception[0m [[0m[1m[34mnews.scripts.finance_news_workflow[0m][0m [36merror[0m=[35m'Test error'[0m [36merror_type[0m=[35mRuntimeError[0m [36mmodule[0m=[35mscripts.finance_news_workflow[0m
Traceback (most recent call last):
  File "/Users/yukihata/Desktop/.worktrees/note-finance/feature-prj58/src/news/scripts/finance_news_workflow.py", line 362, in run_workflow
    result = await orchestrator.run(
             ^^^^^^^^^^^^^^^^^^^^^^^
  File "/Users/yukihata/.local/share/uv/python/cpython-3.12.12-macos-aarch64-none/lib/python3.12/unittest/mock.py", line 2291, in _execute_mock_call
    raise effect
RuntimeError: Test error
[[32m[1minfo     [0m] [1mFinance news workflow script started[0m [[0m[1m[34mnews.scripts.finance_news_workflow[0m][0m [36mconfig[0m=[35m/private/var/folders/zk/q607hs0d7bq__dhkk2wj7sq80000gn/T/pytest-of-yukihata/pytest-54/test_正常系_verboseモードでログレベルがDEBU0/test_config.yaml[0m [36mdry_run[0m=[35mFalse[0m [36mexport_only[0m=[35mFalse[0m [36mformat[0m=[35mper-category[0m [36mmax_articles[0m=[35mNone[0m [36mmodule[0m=[35mscripts.finance_news_workflow[0m [36mstatus[0m=[35mNone[0m [36mverbose[0m=[35mTrue[0m
[[32m[1mdebug    [0m] [1mUsing selector: KqueueSelector[0m [[0m[1m[34masyncio[0m][0m
[[32m[1minfo     [0m] [1mStarting finance news workflow[0m [[0m[1m[34mnews.scripts.finance_news_workflow[0m][0m [36mconfig_path[0m=[35m/private/var/folders/zk/q607hs0d7bq__dhkk2wj7sq80000gn/T/pytest-of-yukihata/pytest-54/test_正常系_verboseモードでログレベルがDEBU0/test_config.yaml[0m [36mdry_run[0m=[35mFalse[0m [36mexport_only[0m=[35mFalse[0m [36mmax_articles[0m=[35mNone[0m [36mmodule[0m=[35mscripts.finance_news_workflow[0m [36mpublish_format[0m=[35mper-category[0m [36mstatuses[0m=[35mNone[0m
[[32m[1mdebug    [0m] [1mWorkflow completed successfully[0m [[0m[1m[34mnews.scripts.finance_news_workflow[0m][0m [36melapsed_seconds[0m=[35m300.0[0m [36mmodule[0m=[35mscripts.finance_news_workflow[0m [36mtotal_collected[0m=[35m10[0m [36mtotal_published[0m=[35m5[0m
